  Source.cpp
C:\Users\B-ZONE\Desktop\curswork\Project1\Source.cpp(19,2): warning C4091: typedef : пропускается слева от "Node", когда ни одна переменная не объявлена
C:\Users\B-ZONE\Desktop\curswork\Project1\Source.cpp(66,4): warning C4477: "printf": в строке форматирования "%s" требуется аргумент типа "char *", но вариативный аргумент "1" имеет тип "FILE *"
C:\Users\B-ZONE\Desktop\curswork\Project1\Source.cpp(111,44): warning C4474: "scanf_s" : для строки формата передано слишком много аргументов
C:\Users\B-ZONE\Desktop\curswork\Project1\Source.cpp(111,44): message : заполнители и их параметры ожидают переменное число аргументов в количестве 1, но было предоставлено 2
C:\Users\B-ZONE\Desktop\curswork\Project1\Source.cpp(172,39): warning C4474: "scanf_s" : для строки формата передано слишком много аргументов
C:\Users\B-ZONE\Desktop\curswork\Project1\Source.cpp(172,39): message : заполнители и их параметры ожидают переменное число аргументов в количестве 1, но было предоставлено 2
C:\Users\B-ZONE\Desktop\curswork\Project1\Source.cpp(188,39): warning C4474: "scanf_s" : для строки формата передано слишком много аргументов
C:\Users\B-ZONE\Desktop\curswork\Project1\Source.cpp(188,39): message : заполнители и их параметры ожидают переменное число аргументов в количестве 1, но было предоставлено 2
C:\Users\B-ZONE\Desktop\curswork\Project1\Source.cpp(249,155): warning C4101: array_str: неиспользованная локальная переменная
C:\Users\B-ZONE\Desktop\curswork\Project1\Source.cpp(249,121): warning C4101: temp_str_elemets_DB: неиспользованная локальная переменная
C:\Users\B-ZONE\Desktop\curswork\Project1\Source.cpp(249,7): warning C4101: name_student: неиспользованная локальная переменная
C:\Users\B-ZONE\Desktop\curswork\Project1\Source.cpp(249,147): warning C4101: token: неиспользованная локальная переменная
C:\Users\B-ZONE\Desktop\curswork\Project1\Source.cpp(249,40): warning C4101: date_of_receipt: неиспользованная локальная переменная
C:\Users\B-ZONE\Desktop\curswork\Project1\Source.cpp(249,76): warning C4101: date_of_entry: неиспользованная локальная переменная
C:\Users\B-ZONE\Desktop\curswork\Project1\Source.cpp(249,25): warning C4101: name_group: неиспользованная локальная переменная
C:\Users\B-ZONE\Desktop\curswork\Project1\Source.cpp(572,14): warning C4473: "scanf_s": передано недостаточно аргументов для строки формата
C:\Users\B-ZONE\Desktop\curswork\Project1\Source.cpp(572,14): message : заполнители и их параметры ожидают переменное число аргументов в количестве 2, но было предоставлено 1
C:\Users\B-ZONE\Desktop\curswork\Project1\Source.cpp(572,14): message : отсутствующий вариативный аргумент "2" требуется для строки форматирования "%s"
C:\Users\B-ZONE\Desktop\curswork\Project1\Source.cpp(572,14): message : этот аргумент используется в качестве размера буфера
  Project1.vcxproj -> C:\Users\B-ZONE\Desktop\curswork\Project1\Debug\Project1.exe
