e:\вис\lab1\project2\x64\debug\vc143.pdb
e:\вис\lab1\project2\x64\debug\vc143.idb
e:\вис\lab1\project2\x64\debug\filename.obj
e:\вис\lab1\project2\x64\debug\project2.exe
e:\вис\lab1\project2\x64\debug\project2.ilk
e:\вис\lab1\project2\x64\debug\project2.pdb
g:\вис\lab1\project2\x64\debug\filename.obj
g:\вис\lab1\project2\x64\debug\filename.obj.enc
g:\вис\lab1\project2\x64\debug\project2.ilk
g:\вис\lab1\project2\x64\debug\vc143.idb
g:\вис\lab1\project2\x64\debug\project2.pdb
g:\вис\lab1\project2\x64\debug\vc143.pdb
g:\вис\lab1\project2\x64\debug\project2.exe
g:\вис\lab1\project2\x64\debug\project2.tlog\cl.read.1.tlog
g:\вис\lab1\project2\x64\debug\project2.tlog\cl.write.1.tlog
g:\вис\lab1\project2\x64\debug\project2.tlog\cl.command.1.tlog
g:\вис\lab1\project2\x64\debug\project2.tlog\link.command.1.tlog
g:\вис\lab1\project2\x64\debug\project2.tlog\cl.items.tlog
g:\вис\lab1\project2\x64\debug\project2.tlog\link.read.1.tlog
g:\вис\lab1\project2\x64\debug\project2.tlog\link.write.1.tlog
