  Source.cpp
C:\Users\B-ZONE\Desktop\curswork\Project1\Source.cpp(19,2): warning C4091: typedef : пропускается слева от "Node", когда ни одна переменная не объявлена
C:\Users\B-ZONE\Desktop\curswork\Project1\Source.cpp(35,10): warning C4477: "scanf_s": в строке форматирования "%s" требуется аргумент типа "unsigned int", но вариативный аргумент "2" имеет тип "size_t"
C:\Users\B-ZONE\Desktop\curswork\Project1\Source.cpp(35,10): message : этот аргумент используется в качестве размера буфера
C:\Users\B-ZONE\Desktop\curswork\Project1\Source.cpp(66,4): warning C4477: "printf": в строке форматирования "%s" требуется аргумент типа "char *", но вариативный аргумент "1" имеет тип "FILE *"
C:\Users\B-ZONE\Desktop\curswork\Project1\Source.cpp(104,13): warning C4477: "scanf_s": в строке форматирования "%s" требуется аргумент типа "unsigned int", но вариативный аргумент "2" имеет тип "size_t"
C:\Users\B-ZONE\Desktop\curswork\Project1\Source.cpp(104,13): message : этот аргумент используется в качестве размера буфера
C:\Users\B-ZONE\Desktop\curswork\Project1\Source.cpp(111,44): warning C4474: "scanf_s" : для строки формата передано слишком много аргументов
C:\Users\B-ZONE\Desktop\curswork\Project1\Source.cpp(111,44): message : заполнители и их параметры ожидают переменное число аргументов в количестве 1, но было предоставлено 2
C:\Users\B-ZONE\Desktop\curswork\Project1\Source.cpp(157,10): warning C4477: "scanf_s": в строке форматирования "%s" требуется аргумент типа "unsigned int", но вариативный аргумент "2" имеет тип "size_t"
C:\Users\B-ZONE\Desktop\curswork\Project1\Source.cpp(157,10): message : этот аргумент используется в качестве размера буфера
C:\Users\B-ZONE\Desktop\curswork\Project1\Source.cpp(172,39): warning C4474: "scanf_s" : для строки формата передано слишком много аргументов
C:\Users\B-ZONE\Desktop\curswork\Project1\Source.cpp(172,39): message : заполнители и их параметры ожидают переменное число аргументов в количестве 1, но было предоставлено 2
C:\Users\B-ZONE\Desktop\curswork\Project1\Source.cpp(188,39): warning C4474: "scanf_s" : для строки формата передано слишком много аргументов
C:\Users\B-ZONE\Desktop\curswork\Project1\Source.cpp(188,39): message : заполнители и их параметры ожидают переменное число аргументов в количестве 1, но было предоставлено 2
C:\Users\B-ZONE\Desktop\curswork\Project1\Source.cpp(274,11): warning C4477: "scanf_s": в строке форматирования "%14s" требуется аргумент типа "unsigned int", но вариативный аргумент "2" имеет тип "size_t"
C:\Users\B-ZONE\Desktop\curswork\Project1\Source.cpp(274,11): message : этот аргумент используется в качестве размера буфера
C:\Users\B-ZONE\Desktop\curswork\Project1\Source.cpp(361,15): warning C4477: "scanf_s": в строке форматирования "%s" требуется аргумент типа "unsigned int", но вариативный аргумент "2" имеет тип "size_t"
C:\Users\B-ZONE\Desktop\curswork\Project1\Source.cpp(361,15): message : этот аргумент используется в качестве размера буфера
C:\Users\B-ZONE\Desktop\curswork\Project1\Source.cpp(259,155): warning C4101: array_str: неиспользованная локальная переменная
C:\Users\B-ZONE\Desktop\curswork\Project1\Source.cpp(259,121): warning C4101: temp_str_elemets_DB: неиспользованная локальная переменная
C:\Users\B-ZONE\Desktop\curswork\Project1\Source.cpp(259,7): warning C4101: name_student: неиспользованная локальная переменная
C:\Users\B-ZONE\Desktop\curswork\Project1\Source.cpp(259,147): warning C4101: token: неиспользованная локальная переменная
C:\Users\B-ZONE\Desktop\curswork\Project1\Source.cpp(259,40): warning C4101: date_of_receipt: неиспользованная локальная переменная
C:\Users\B-ZONE\Desktop\curswork\Project1\Source.cpp(259,76): warning C4101: date_of_entry: неиспользованная локальная переменная
C:\Users\B-ZONE\Desktop\curswork\Project1\Source.cpp(259,25): warning C4101: name_group: неиспользованная локальная переменная
C:\Users\B-ZONE\Desktop\curswork\Project1\Source.cpp(460,11): warning C4477: "scanf_s": в строке форматирования "%s" требуется аргумент типа "unsigned int", но вариативный аргумент "2" имеет тип "size_t"
C:\Users\B-ZONE\Desktop\curswork\Project1\Source.cpp(460,11): message : этот аргумент используется в качестве размера буфера
C:\Users\B-ZONE\Desktop\curswork\Project1\Source.cpp(523,11): warning C4477: "scanf_s": в строке форматирования "%s" требуется аргумент типа "unsigned int", но вариативный аргумент "2" имеет тип "size_t"
C:\Users\B-ZONE\Desktop\curswork\Project1\Source.cpp(523,11): message : этот аргумент используется в качестве размера буфера
C:\Users\B-ZONE\Desktop\curswork\Project1\Source.cpp(525,11): warning C4477: "scanf_s": в строке форматирования "%s" требуется аргумент типа "unsigned int", но вариативный аргумент "2" имеет тип "size_t"
C:\Users\B-ZONE\Desktop\curswork\Project1\Source.cpp(525,11): message : этот аргумент используется в качестве размера буфера
C:\Users\B-ZONE\Desktop\curswork\Project1\Source.cpp(527,11): warning C4477: "scanf_s": в строке форматирования "%s" требуется аргумент типа "unsigned int", но вариативный аргумент "2" имеет тип "size_t"
C:\Users\B-ZONE\Desktop\curswork\Project1\Source.cpp(527,11): message : этот аргумент используется в качестве размера буфера
C:\Users\B-ZONE\Desktop\curswork\Project1\Source.cpp(529,11): warning C4477: "scanf_s": в строке форматирования "%s" требуется аргумент типа "unsigned int", но вариативный аргумент "2" имеет тип "size_t"
C:\Users\B-ZONE\Desktop\curswork\Project1\Source.cpp(529,11): message : этот аргумент используется в качестве размера буфера
C:\Users\B-ZONE\Desktop\curswork\Project1\Source.cpp(533,11): warning C4477: "scanf_s": в строке форматирования "%s" требуется аргумент типа "unsigned int", но вариативный аргумент "2" имеет тип "size_t"
C:\Users\B-ZONE\Desktop\curswork\Project1\Source.cpp(533,11): message : этот аргумент используется в качестве размера буфера
C:\Users\B-ZONE\Desktop\curswork\Project1\Source.cpp(593,14): warning C4477: "scanf_s": в строке форматирования "%s" требуется аргумент типа "unsigned int", но вариативный аргумент "2" имеет тип "size_t"
C:\Users\B-ZONE\Desktop\curswork\Project1\Source.cpp(593,14): message : этот аргумент используется в качестве размера буфера
C:\Users\B-ZONE\Desktop\curswork\Project1\Source.cpp(595,14): warning C4477: "scanf_s": в строке форматирования "%s" требуется аргумент типа "unsigned int", но вариативный аргумент "2" имеет тип "size_t"
C:\Users\B-ZONE\Desktop\curswork\Project1\Source.cpp(595,14): message : этот аргумент используется в качестве размера буфера
C:\Users\B-ZONE\Desktop\curswork\Project1\Source.cpp(597,14): warning C4477: "scanf_s": в строке форматирования "%s" требуется аргумент типа "unsigned int", но вариативный аргумент "2" имеет тип "size_t"
C:\Users\B-ZONE\Desktop\curswork\Project1\Source.cpp(597,14): message : этот аргумент используется в качестве размера буфера
C:\Users\B-ZONE\Desktop\curswork\Project1\Source.cpp(601,14): warning C4473: "scanf_s": передано недостаточно аргументов для строки формата
C:\Users\B-ZONE\Desktop\curswork\Project1\Source.cpp(601,14): message : заполнители и их параметры ожидают переменное число аргументов в количестве 2, но было предоставлено 1
C:\Users\B-ZONE\Desktop\curswork\Project1\Source.cpp(601,14): message : отсутствующий вариативный аргумент "2" требуется для строки форматирования "%s"
C:\Users\B-ZONE\Desktop\curswork\Project1\Source.cpp(601,14): message : этот аргумент используется в качестве размера буфера
C:\Users\B-ZONE\Desktop\curswork\Project1\Source.cpp(609,14): warning C4477: "scanf_s": в строке форматирования "%s" требуется аргумент типа "unsigned int", но вариативный аргумент "2" имеет тип "size_t"
C:\Users\B-ZONE\Desktop\curswork\Project1\Source.cpp(609,14): message : этот аргумент используется в качестве размера буфера
  Project1.vcxproj -> C:\Users\B-ZONE\Desktop\curswork\Project1\x64\Debug\Project1.exe
